2021-12-15 22:21:26.747 [main] INFO  c.s.j.SocialNetworkApplication : Starting SocialNetworkApplication using Java 17.0.1 on DESKTOP-TL5DKTD with PID 18284 (C:\Users\Ivan\Desktop\javapro-socialnetwork-studygroup-21\target\classes started by Ivan in C:\Users\Ivan\Desktop\javapro-socialnetwork-studygroup-21) 
2021-12-15 22:21:26.749 [main] INFO  c.s.j.SocialNetworkApplication : The following profiles are active: dev 
2021-12-15 22:21:27.272 [main] INFO  o.s.d.r.c.RepositoryConfigurationDelegate : Bootstrapping Spring Data JPA repositories in DEFAULT mode. 
2021-12-15 22:21:27.347 [main] INFO  o.s.d.r.c.RepositoryConfigurationDelegate : Finished Spring Data repository scanning in 69 ms. Found 13 JPA repository interfaces. 
2021-12-15 22:21:27.746 [main] INFO  o.s.b.w.e.tomcat.TomcatWebServer : Tomcat initialized with port(s): 8080 (http) 
2021-12-15 22:21:27.753 [main] INFO  o.a.catalina.core.StandardService : Starting service [Tomcat] 
2021-12-15 22:21:27.753 [main] INFO  o.a.catalina.core.StandardEngine : Starting Servlet engine: [Apache Tomcat/9.0.55] 
2021-12-15 22:21:27.833 [main] INFO  o.a.c.c.C.[Tomcat].[localhost].[/] : Initializing Spring embedded WebApplicationContext 
2021-12-15 22:21:27.834 [main] INFO  o.s.b.w.s.c.ServletWebServerApplicationContext : Root WebApplicationContext: initialization completed in 1046 ms 
2021-12-15 22:21:27.940 [main] INFO  com.zaxxer.hikari.HikariDataSource : HikariPool-1 - Starting... 
2021-12-15 22:21:28.166 [main] INFO  com.zaxxer.hikari.HikariDataSource : HikariPool-1 - Start completed. 
2021-12-15 22:21:28.177 [main] INFO  o.f.c.i.license.VersionPrinter : Flyway Community Edition 8.0.4 by Redgate 
2021-12-15 22:21:28.178 [main] INFO  o.f.c.i.d.base.BaseDatabaseType : Database: jdbc:postgresql://localhost:5432/SocialNetwork (PostgreSQL 14.1) 
2021-12-15 22:21:28.215 [main] INFO  o.f.c.internal.command.DbValidate : Successfully validated 5 migrations (execution time 00:00.024s) 
2021-12-15 22:21:28.220 [main] INFO  o.f.core.internal.command.DbMigrate : Current version of schema "public": 5 
2021-12-15 22:21:28.220 [main] INFO  o.f.core.internal.command.DbMigrate : Schema "public" is up to date. No migration necessary. 
2021-12-15 22:21:28.291 [main] INFO  o.h.jpa.internal.util.LogHelper : HHH000204: Processing PersistenceUnitInfo [name: default] 
2021-12-15 22:21:28.322 [main] INFO  org.hibernate.Version : HHH000412: Hibernate ORM core version 5.6.1.Final 
2021-12-15 22:21:28.453 [main] INFO  o.h.annotations.common.Version : HCANN000001: Hibernate Commons Annotations {5.1.2.Final} 
2021-12-15 22:21:28.582 [main] INFO  org.hibernate.dialect.Dialect : HHH000400: Using dialect: org.hibernate.dialect.PostgreSQL10Dialect 
2021-12-15 22:21:29.225 [main] INFO  o.h.e.t.j.p.i.JtaPlatformInitiator : HHH000490: Using JtaPlatform implementation: [org.hibernate.engine.transaction.jta.platform.internal.NoJtaPlatform] 
2021-12-15 22:21:29.232 [main] INFO  o.s.o.j.LocalContainerEntityManagerFactoryBean : Initialized JPA EntityManagerFactory for persistence unit 'default' 
2021-12-15 22:21:29.514 [main] WARN  o.s.b.a.o.j.JpaBaseConfiguration$JpaWebConfiguration : spring.jpa.open-in-view is enabled by default. Therefore, database queries may be performed during view rendering. Explicitly configure spring.jpa.open-in-view to disable this warning 
2021-12-15 22:21:29.807 [main] INFO  o.s.s.w.DefaultSecurityFilterChain : Will secure any request with [org.springframework.security.web.context.request.async.WebAsyncManagerIntegrationFilter@17a5ae7b, org.springframework.security.web.context.SecurityContextPersistenceFilter@7c07023, org.springframework.security.web.header.HeaderWriterFilter@64921450, org.springframework.web.filter.CorsFilter@7e4dddee, org.springframework.security.web.authentication.logout.LogoutFilter@b791e6e, com.skillbox.javapro21.config.security.JwtFilter@232b3b4c, org.springframework.security.web.savedrequest.RequestCacheAwareFilter@774189d0, org.springframework.security.web.servletapi.SecurityContextHolderAwareRequestFilter@7f584d0c, org.springframework.security.web.authentication.AnonymousAuthenticationFilter@183a84f4, org.springframework.security.web.session.SessionManagementFilter@5d373794, org.springframework.security.web.access.ExceptionTranslationFilter@75507e68, org.springframework.security.web.access.intercept.FilterSecurityInterceptor@68c47cf9] 
2021-12-15 22:21:29.907 [main] WARN  o.s.b.a.t.ThymeleafAutoConfiguration$DefaultTemplateResolverConfiguration : Cannot find template location: classpath:/templates/ (please add some templates or check your Thymeleaf configuration) 
2021-12-15 22:21:30.194 [main] INFO  o.s.b.w.e.tomcat.TomcatWebServer : Tomcat started on port(s): 8080 (http) with context path '' 
2021-12-15 22:21:30.202 [main] INFO  c.s.j.SocialNetworkApplication : Started SocialNetworkApplication in 3.747 seconds (JVM running for 4.375) 
2021-12-15 22:21:46.446 [http-nio-8080-exec-1] INFO  o.a.c.c.C.[Tomcat].[localhost].[/] : Initializing Spring DispatcherServlet 'dispatcherServlet' 
2021-12-15 22:21:46.446 [http-nio-8080-exec-1] INFO  o.s.web.servlet.DispatcherServlet : Initializing Servlet 'dispatcherServlet' 
2021-12-15 22:21:46.447 [http-nio-8080-exec-1] INFO  o.s.web.servlet.DispatcherServlet : Completed initialization in 1 ms 
2021-12-15 22:24:38.706 [SpringApplicationShutdownHook] INFO  o.s.o.j.LocalContainerEntityManagerFactoryBean : Closing JPA EntityManagerFactory for persistence unit 'default' 
2021-12-15 22:24:38.708 [SpringApplicationShutdownHook] INFO  com.zaxxer.hikari.HikariDataSource : HikariPool-1 - Shutdown initiated... 
2021-12-15 22:24:38.711 [SpringApplicationShutdownHook] INFO  com.zaxxer.hikari.HikariDataSource : HikariPool-1 - Shutdown completed. 
2021-12-15 22:35:16.008 [main] INFO  c.s.j.SocialNetworkApplication : Starting SocialNetworkApplication using Java 17.0.1 on DESKTOP-TL5DKTD with PID 3596 (C:\Users\Ivan\Desktop\javapro-socialnetwork-studygroup-21\target\classes started by Ivan in C:\Users\Ivan\Desktop\javapro-socialnetwork-studygroup-21) 
2021-12-15 22:35:16.010 [main] INFO  c.s.j.SocialNetworkApplication : The following profiles are active: dev 
2021-12-15 22:35:16.787 [main] INFO  o.s.d.r.c.RepositoryConfigurationDelegate : Bootstrapping Spring Data JPA repositories in DEFAULT mode. 
2021-12-15 22:35:16.864 [main] INFO  o.s.d.r.c.RepositoryConfigurationDelegate : Finished Spring Data repository scanning in 70 ms. Found 13 JPA repository interfaces. 
2021-12-15 22:35:17.301 [main] INFO  o.s.b.w.e.tomcat.TomcatWebServer : Tomcat initialized with port(s): 8080 (http) 
2021-12-15 22:35:17.307 [main] INFO  o.a.catalina.core.StandardService : Starting service [Tomcat] 
2021-12-15 22:35:17.308 [main] INFO  o.a.catalina.core.StandardEngine : Starting Servlet engine: [Apache Tomcat/9.0.55] 
2021-12-15 22:35:17.410 [main] INFO  o.a.c.c.C.[Tomcat].[localhost].[/] : Initializing Spring embedded WebApplicationContext 
2021-12-15 22:35:17.410 [main] INFO  o.s.b.w.s.c.ServletWebServerApplicationContext : Root WebApplicationContext: initialization completed in 1365 ms 
2021-12-15 22:35:17.544 [main] INFO  com.zaxxer.hikari.HikariDataSource : HikariPool-1 - Starting... 
2021-12-15 22:35:17.673 [main] INFO  com.zaxxer.hikari.HikariDataSource : HikariPool-1 - Start completed. 
2021-12-15 22:35:17.685 [main] INFO  o.f.c.i.license.VersionPrinter : Flyway Community Edition 8.0.4 by Redgate 
2021-12-15 22:35:17.685 [main] INFO  o.f.c.i.d.base.BaseDatabaseType : Database: jdbc:postgresql://localhost:5432/SocialNetwork (PostgreSQL 14.1) 
2021-12-15 22:35:17.731 [main] INFO  o.f.c.internal.command.DbValidate : Successfully validated 5 migrations (execution time 00:00.033s) 
2021-12-15 22:35:17.736 [main] INFO  o.f.core.internal.command.DbMigrate : Current version of schema "public": 5 
2021-12-15 22:35:17.737 [main] INFO  o.f.core.internal.command.DbMigrate : Schema "public" is up to date. No migration necessary. 
2021-12-15 22:35:17.826 [main] INFO  o.h.jpa.internal.util.LogHelper : HHH000204: Processing PersistenceUnitInfo [name: default] 
2021-12-15 22:35:17.872 [main] INFO  org.hibernate.Version : HHH000412: Hibernate ORM core version 5.6.1.Final 
2021-12-15 22:35:17.998 [main] INFO  o.h.annotations.common.Version : HCANN000001: Hibernate Commons Annotations {5.1.2.Final} 
2021-12-15 22:35:18.099 [main] INFO  org.hibernate.dialect.Dialect : HHH000400: Using dialect: org.hibernate.dialect.PostgreSQL10Dialect 
2021-12-15 22:35:18.715 [main] INFO  o.h.e.t.j.p.i.JtaPlatformInitiator : HHH000490: Using JtaPlatform implementation: [org.hibernate.engine.transaction.jta.platform.internal.NoJtaPlatform] 
2021-12-15 22:35:18.721 [main] INFO  o.s.o.j.LocalContainerEntityManagerFactoryBean : Initialized JPA EntityManagerFactory for persistence unit 'default' 
2021-12-15 22:35:19.035 [main] WARN  o.s.b.a.o.j.JpaBaseConfiguration$JpaWebConfiguration : spring.jpa.open-in-view is enabled by default. Therefore, database queries may be performed during view rendering. Explicitly configure spring.jpa.open-in-view to disable this warning 
2021-12-15 22:35:19.538 [main] INFO  o.s.s.w.DefaultSecurityFilterChain : Will secure any request with [org.springframework.security.web.context.request.async.WebAsyncManagerIntegrationFilter@60739eca, org.springframework.security.web.context.SecurityContextPersistenceFilter@65a8c306, org.springframework.security.web.header.HeaderWriterFilter@24d73c51, org.springframework.web.filter.CorsFilter@9ba167e, org.springframework.security.web.authentication.logout.LogoutFilter@317fa5dd, com.skillbox.javapro21.config.security.JwtFilter@15c3849f, org.springframework.security.web.savedrequest.RequestCacheAwareFilter@48ba37dc, org.springframework.security.web.servletapi.SecurityContextHolderAwareRequestFilter@45302e66, org.springframework.security.web.authentication.AnonymousAuthenticationFilter@17873842, org.springframework.security.web.session.SessionManagementFilter@f26cd76, org.springframework.security.web.access.ExceptionTranslationFilter@45f6181a, org.springframework.security.web.access.intercept.FilterSecurityInterceptor@2f98fe6f] 
2021-12-15 22:35:19.623 [main] WARN  o.s.b.a.t.ThymeleafAutoConfiguration$DefaultTemplateResolverConfiguration : Cannot find template location: classpath:/templates/ (please add some templates or check your Thymeleaf configuration) 
2021-12-15 22:35:19.928 [main] INFO  o.s.b.w.e.tomcat.TomcatWebServer : Tomcat started on port(s): 8080 (http) with context path '' 
2021-12-15 22:35:19.937 [main] INFO  c.s.j.SocialNetworkApplication : Started SocialNetworkApplication in 4.207 seconds (JVM running for 4.817) 
2021-12-15 22:35:35.759 [http-nio-8080-exec-1] INFO  o.a.c.c.C.[Tomcat].[localhost].[/] : Initializing Spring DispatcherServlet 'dispatcherServlet' 
2021-12-15 22:35:35.760 [http-nio-8080-exec-1] INFO  o.s.web.servlet.DispatcherServlet : Initializing Servlet 'dispatcherServlet' 
2021-12-15 22:35:35.760 [http-nio-8080-exec-1] INFO  o.s.web.servlet.DispatcherServlet : Completed initialization in 0 ms 
2021-12-15 22:35:36.219 [http-nio-8080-exec-9] INFO  o.s.api.AbstractOpenApiResource : Init duration for springdoc-openapi is: 115 ms 
2021-12-15 22:37:38.720 [SpringApplicationShutdownHook] INFO  o.s.o.j.LocalContainerEntityManagerFactoryBean : Closing JPA EntityManagerFactory for persistence unit 'default' 
2021-12-15 22:37:38.722 [SpringApplicationShutdownHook] INFO  com.zaxxer.hikari.HikariDataSource : HikariPool-1 - Shutdown initiated... 
2021-12-15 22:37:38.724 [SpringApplicationShutdownHook] INFO  com.zaxxer.hikari.HikariDataSource : HikariPool-1 - Shutdown completed. 
